# JRE version: Java(TM) SE Runtime Environment (8.0_65-b17) (build 1.8.0_65-b17)
# Java VM: Java HotSpot(TM) 64-Bit Server VM (25.65-b01 mixed mode linux-amd64 compressed oops)
Heap:
 PSYoungGen      total 101888K, used 3552K [0x00000000e1380000, 0x00000000e7a80000, 0x0000000100000000)
  eden space 98304K, 0% used [0x00000000e1380000,0x00000000e1380000,0x00000000e7380000)
  from space 3584K, 99% used [0x00000000e7380000,0x00000000e76f8020,0x00000000e7700000)
  to   space 3584K, 0% used [0x00000000e7700000,0x00000000e7700000,0x00000000e7a80000)
 ParOldGen       total 64512K, used 17163K [0x00000000a3a00000, 0x00000000a7900000, 0x00000000e1380000)
  object space 64512K, 26% used [0x00000000a3a00000,0x00000000a4ac2df8,0x00000000a7900000)
 Metaspace       used 20698K, capacity 21174K, committed 21296K, reserved 1069056K
  class space    used 2481K, capacity 2648K, committed 2688K, reserved 1048576K
GC Heap History (9 events):
Event: 1.036 GC heap before
{Heap before GC invocations=1 (full 0):
 PSYoungGen      total 28160K, used 24576K [0x00000000e1380000, 0x00000000e3280000, 0x0000000100000000)
  eden space 24576K, 100% used [0x00000000e1380000,0x00000000e2b80000,0x00000000e2b80000)
  from space 3584K, 0% used [0x00000000e2f00000,0x00000000e2f00000,0x00000000e3280000)
  to   space 3584K, 0% used [0x00000000e2b80000,0x00000000e2b80000,0x00000000e2f00000)
 ParOldGen       total 64512K, used 0K [0x00000000a3a00000, 0x00000000a7900000, 0x00000000e1380000)
  object space 64512K, 0% used [0x00000000a3a00000,0x00000000a3a00000,0x00000000a7900000)
 Metaspace       used 7157K, capacity 7292K, committed 7424K, reserved 1056768K
  class space    used 900K, capacity 984K, committed 1024K, reserved 1048576K
Event: 1.095 GC heap after
Heap after GC invocations=1 (full 0):
 PSYoungGen      total 28160K, used 3571K [0x00000000e1380000, 0x00000000e4a80000, 0x0000000100000000)
  eden space 24576K, 0% used [0x00000000e1380000,0x00000000e1380000,0x00000000e2b80000)
  from space 3584K, 99% used [0x00000000e2b80000,0x00000000e2efce80,0x00000000e2f00000)
  to   space 3584K, 0% used [0x00000000e4700000,0x00000000e4700000,0x00000000e4a80000)
 ParOldGen       total 64512K, used 264K [0x00000000a3a00000, 0x00000000a7900000, 0x00000000e1380000)
  object space 64512K, 0% used [0x00000000a3a00000,0x00000000a3a420c0,0x00000000a7900000)
 Metaspace       used 7157K, capacity 7292K, committed 7424K, reserved 1056768K
  class space    used 900K, capacity 984K, committed 1024K, reserved 1048576K
}
Event: 2.224 GC heap before
{Heap before GC invocations=2 (full 0):
 PSYoungGen      total 28160K, used 28147K [0x00000000e1380000, 0x00000000e4a80000, 0x0000000100000000)
  eden space 24576K, 100% used [0x00000000e1380000,0x00000000e2b80000,0x00000000e2b80000)
  from space 3584K, 99% used [0x00000000e2b80000,0x00000000e2efce80,0x00000000e2f00000)
  to   space 3584K, 0% used [0x00000000e4700000,0x00000000e4700000,0x00000000e4a80000)
 ParOldGen       total 64512K, used 264K [0x00000000a3a00000, 0x00000000a7900000, 0x00000000e1380000)
  object space 64512K, 0% used [0x00000000a3a00000,0x00000000a3a420c0,0x00000000a7900000)
 Metaspace       used 10534K, capacity 10676K, committed 10880K, reserved 1058816K
  class space    used 1336K, capacity 1405K, committed 1408K, reserved 1048576K
Event: 2.244 GC heap after
Heap after GC invocations=2 (full 0):
 PSYoungGen      total 52736K, used 3562K [0x00000000e1380000, 0x00000000e4a80000, 0x0000000100000000)
  eden space 49152K, 0% used [0x00000000e1380000,0x00000000e1380000,0x00000000e4380000)
  from space 3584K, 99% used [0x00000000e4700000,0x00000000e4a7a8e8,0x00000000e4a80000)
  to   space 3584K, 0% used [0x00000000e4380000,0x00000000e4380000,0x00000000e4700000)
 ParOldGen       total 64512K, used 2121K [0x00000000a3a00000, 0x00000000a7900000, 0x00000000e1380000)
  object space 64512K, 3% used [0x00000000a3a00000,0x00000000a3c12508,0x00000000a7900000)
 Metaspace       used 10534K, capacity 10676K, committed 10880K, reserved 1058816K
  class space    used 1336K, capacity 1405K, committed 1408K, reserved 1048576K
}
Event: 7.312 GC heap before
{Heap before GC invocations=3 (full 0):
 PSYoungGen      total 52736K, used 52714K [0x00000000e1380000, 0x00000000e4a80000, 0x0000000100000000)
  eden space 49152K, 100% used [0x00000000e1380000,0x00000000e4380000,0x00000000e4380000)
  from space 3584K, 99% used [0x00000000e4700000,0x00000000e4a7a8e8,0x00000000e4a80000)
  to   space 3584K, 0% used [0x00000000e4380000,0x00000000e4380000,0x00000000e4700000)
 ParOldGen       total 64512K, used 2121K [0x00000000a3a00000, 0x00000000a7900000, 0x00000000e1380000)
  object space 64512K, 3% used [0x00000000a3a00000,0x00000000a3c12508,0x00000000a7900000)
 Metaspace       used 13707K, capacity 13896K, committed 14080K, reserved 1060864K
  class space    used 1653K, capacity 1751K, committed 1792K, reserved 1048576K
Event: 7.361 GC heap after
Heap after GC invocations=3 (full 0):
 PSYoungGen      total 52736K, used 3568K [0x00000000e1380000, 0x00000000e7a80000, 0x0000000100000000)
  eden space 49152K, 0% used [0x00000000e1380000,0x00000000e1380000,0x00000000e4380000)
  from space 3584K, 99% used [0x00000000e4380000,0x00000000e46fc010,0x00000000e4700000)
  to   space 3584K, 0% used [0x00000000e7700000,0x00000000e7700000,0x00000000e7a80000)
 ParOldGen       total 64512K, used 5241K [0x00000000a3a00000, 0x00000000a7900000, 0x00000000e1380000)
  object space 64512K, 8% used [0x00000000a3a00000,0x00000000a3f1e4f8,0x00000000a7900000)
 Metaspace       used 13707K, capacity 13896K, committed 14080K, reserved 1060864K
  class space    used 1653K, capacity 1751K, committed 1792K, reserved 1048576K
}
Event: 12.396 GC heap before
{Heap before GC invocations=4 (full 0):
 PSYoungGen      total 52736K, used 52720K [0x00000000e1380000, 0x00000000e7a80000, 0x0000000100000000)
  eden space 49152K, 100% used [0x00000000e1380000,0x00000000e4380000,0x00000000e4380000)
  from space 3584K, 99% used [0x00000000e4380000,0x00000000e46fc010,0x00000000e4700000)
  to   space 3584K, 0% used [0x00000000e7700000,0x00000000e7700000,0x00000000e7a80000)
 ParOldGen       total 64512K, used 5241K [0x00000000a3a00000, 0x00000000a7900000, 0x00000000e1380000)
  object space 64512K, 8% used [0x00000000a3a00000,0x00000000a3f1e4f8,0x00000000a7900000)
 Metaspace       used 19591K, capacity 20100K, committed 20224K, reserved 1067008K
  class space    used 2370K, capacity 2543K, committed 2560K, reserved 1048576K
Event: 12.437 GC heap after
Heap after GC invocations=4 (full 0):
 PSYoungGen      total 101888K, used 3568K [0x00000000e1380000, 0x00000000e7a80000, 0x0000000100000000)
  eden space 98304K, 0% used [0x00000000e1380000,0x00000000e1380000,0x00000000e7380000)
  from space 3584K, 99% used [0x00000000e7700000,0x00000000e7a7c010,0x00000000e7a80000)
  to   space 3584K, 0% used [0x00000000e7380000,0x00000000e7380000,0x00000000e7700000)
 ParOldGen       total 64512K, used 16302K [0x00000000a3a00000, 0x00000000a7900000, 0x00000000e1380000)
  object space 64512K, 25% used [0x00000000a3a00000,0x00000000a49eba28,0x00000000a7900000)
 Metaspace       used 19591K, capacity 20100K, committed 20224K, reserved 1067008K
  class space    used 2370K, capacity 2543K, committed 2560K, reserved 1048576K
}
Event: 13.666 GC heap before
{Heap before GC invocations=5 (full 0):
 PSYoungGen      total 101888K, used 15424K [0x00000000e1380000, 0x00000000e7a80000, 0x0000000100000000)
  eden space 98304K, 12% used [0x00000000e1380000,0x00000000e1f140b0,0x00000000e7380000)
  from space 3584K, 99% used [0x00000000e7700000,0x00000000e7a7c010,0x00000000e7a80000)
  to   space 3584K, 0% used [0x00000000e7380000,0x00000000e7380000,0x00000000e7700000)
 ParOldGen       total 64512K, used 16302K [0x00000000a3a00000, 0x00000000a7900000, 0x00000000e1380000)
  object space 64512K, 25% used [0x00000000a3a00000,0x00000000a49eba28,0x00000000a7900000)
 Metaspace       used 20698K, capacity 21174K, committed 21296K, reserved 1069056K
  class space    used 2481K, capacity 2648K, committed 2688K, reserved 1048576K

